2025-06-01 10:55:33,701 - INFO - Login attempt for user: prasadrahane02@gmail.com
2025-06-01 10:55:34,038 - INFO - Successful login for user: prasadrahane02@gmail.com
2025-06-01 10:57:22,426 - INFO - Login attempt for user: ajinkyatalekar39@gmail.com
2025-06-01 10:57:22,738 - INFO - Successful login for user: ajinkyatalekar39@gmail.com
2025-06-01 10:58:30,691 - INFO - New user registration attempt: amit@123.com
2025-06-01 10:59:05,593 - INFO - Login attempt for user: amit@123
2025-06-01 10:59:05,654 - WARNING - Failed login attempt for user: amit@123
2025-06-01 10:59:14,289 - INFO - Login attempt for user: amit@123.com
2025-06-01 10:59:14,592 - INFO - Successful login for user: amit@123.com
2025-06-02 16:38:20,536 - INFO - Login attempt for user: prasadrahane02@gmail.com
2025-06-02 16:38:20,923 - INFO - Successful login for user: prasadrahane02@gmail.com
2025-06-03 12:33:51,333 - INFO - Login attempt for user: prasadrahane02@gmail.com
2025-06-03 12:33:51,688 - WARNING - Failed login attempt for user: prasadrahane02@gmail.com
2025-06-03 12:34:03,606 - INFO - Login attempt for user: prasadrahane02@gmail.com
2025-06-03 12:34:03,926 - INFO - Successful login for user: prasadrahane02@gmail.com
2025-06-04 14:23:12,612 - INFO - Login attempt for user: ajinkyatalekar39@gmail.com
2025-06-04 14:23:13,018 - INFO - Successful login for user: ajinkyatalekar39@gmail.com
2025-06-04 14:24:22,186 - INFO - Login attempt for user: prasadrahane02@gmail.com
2025-06-04 14:24:22,535 - INFO - Successful login for user: prasadrahane02@gmail.com
2025-06-04 14:24:29,409 - INFO - Login attempt for user: prasadrahane02@gmail.com
2025-06-04 14:24:29,761 - WARNING - Failed login attempt for user: prasadrahane02@gmail.com
2025-06-04 14:24:42,153 - INFO - Login attempt for user: prasadrahane02@gmail.com
2025-06-04 14:24:42,487 - INFO - Successful login for user: prasadrahane02@gmail.com
